0 info it worked if it ends with ok
1 verbose cli [ '/usr/bin/node', '/usr/bin/npm', 'start' ]
2 info using npm@3.5.2
3 info using node@v8.10.0
4 verbose run-script [ 'prestart', 'start', 'poststart' ]
5 info lifecycle api@1.0.0~prestart: api@1.0.0
6 silly lifecycle api@1.0.0~prestart: no script for prestart, continuing
7 info lifecycle api@1.0.0~start: api@1.0.0
8 verbose lifecycle api@1.0.0~start: unsafe-perm in lifecycle true
9 verbose lifecycle api@1.0.0~start: PATH: /usr/share/npm/bin/node-gyp-bin:/mnt/d/mgu0/projects/freelancer/freelancer.com/aug8-sep8/GitHub Project/api/node_modules/.bin:/usr/local/sbin:/usr/local/bin:/usr/sbin:/usr/bin:/sbin:/bin:/usr/games:/usr/local/games:/mnt/c/Program Files/WindowsApps/CanonicalGroupLimited.Ubuntu18.04onWindows_1804.2019.522.0_x64__79rhkp1fndgsc:/mnt/c/Python37/Scripts/:/mnt/c/Python37/:/mnt/c/Windows/system32:/mnt/c/Windows:/mnt/c/Windows/System32/Wbem:/mnt/c/Windows/System32/WindowsPowerShell/v1.0/:/mnt/c/Windows/System32/OpenSSH/:/mnt/c/ProgramData/chocolatey/bin:/mnt/d/ND-Arts/WebDevelopment/xamp/mysql/bin:/mnt/c/Program Files/nodejs/:/mnt/c/Program Files (x86)/vim/vim80:/mnt/c/tools/php73:/mnt/c/ProgramData/ComposerSetup/bin:/mnt/c/Program Files/MongoDB/Server/4.0/bin:/mnt/c/Program Files/Git/cmd:/mnt/c/Program Files/PostgreSQL/10/bin:/mnt/c/Program Files (x86)/Meld:/mnt/d/downloads/mysql-8.0.16-winx64/bin:/mnt/c/Program Files/dotnet/:/mnt/d/ND-Arts/WebDevelopment/xampp-win32-5.6.8-0-VC11xxx/xampp/mysql/bin:/mnt/c/Program Files (x86)/Yarn/bin/:/mnt/c/Program Files (x86)/Subversion/bin:/mnt/c/Program Files/TortoiseHg/:/mnt/c/Users/innovation/AppData/Local/Microsoft/WindowsApps:/mnt/c/Users/innovation/AppData/Roaming/npm:/mnt/c/Program Files/JetBrains/PyCharm Community Edition 2019.1.3/bin:/mnt/c/Users/innovation/AppData/Roaming/Composer/vendor/bin:/mnt/c/Program Files (x86)/Nmap:/mnt/c/Users/innovation/AppData/Local/Yarn/bin:/mnt/c/Program Files/Mercurial/:/mnt/c/Users/innovation/AppData/Local/atom/bin:/snap/bin
10 verbose lifecycle api@1.0.0~start: CWD: /mnt/d/mgu0/projects/freelancer/freelancer.com/aug8-sep8/GitHub Project/api
11 silly lifecycle api@1.0.0~start: Args: [ '-c', 'NODE_ENV=production node server.js' ]
12 silly lifecycle api@1.0.0~start: Returned: code: 1  signal: null
13 info lifecycle api@1.0.0~start: Failed to exec start script
14 verbose stack Error: api@1.0.0 start: `NODE_ENV=production node server.js`
14 verbose stack Exit status 1
14 verbose stack     at EventEmitter.<anonymous> (/usr/share/npm/lib/utils/lifecycle.js:232:16)
14 verbose stack     at emitTwo (events.js:126:13)
14 verbose stack     at EventEmitter.emit (events.js:214:7)
14 verbose stack     at ChildProcess.<anonymous> (/usr/share/npm/lib/utils/spawn.js:24:14)
14 verbose stack     at emitTwo (events.js:126:13)
14 verbose stack     at ChildProcess.emit (events.js:214:7)
14 verbose stack     at maybeClose (internal/child_process.js:925:16)
14 verbose stack     at Process.ChildProcess._handle.onexit (internal/child_process.js:209:5)
15 verbose pkgid api@1.0.0
16 verbose cwd /mnt/d/mgu0/projects/freelancer/freelancer.com/aug8-sep8/GitHub Project/api
17 error Linux 4.4.0-18362-Microsoft
18 error argv "/usr/bin/node" "/usr/bin/npm" "start"
19 error node v8.10.0
20 error npm  v3.5.2
21 error code ELIFECYCLE
22 error api@1.0.0 start: `NODE_ENV=production node server.js`
22 error Exit status 1
23 error Failed at the api@1.0.0 start script 'NODE_ENV=production node server.js'.
23 error Make sure you have the latest version of node.js and npm installed.
23 error If you do, this is most likely a problem with the api package,
23 error not with npm itself.
23 error Tell the author that this fails on your system:
23 error     NODE_ENV=production node server.js
23 error You can get information on how to open an issue for this project with:
23 error     npm bugs api
23 error Or if that isn't available, you can get their info via:
23 error     npm owner ls api
23 error There is likely additional logging output above.
24 verbose exit [ 1, true ]
